<?xml version="1.0" encoding="UTF-8"?>
<!-- Generated by org.testng.reporters.JUnitReportReporter -->
<testsuite hostname="EPINHYDW012A" failures="0" tests="35" name="TestAutomation.selenium.BDD.feature.TestCalculator" time="5.871" errors="0" timestamp="2022-03-02T04:11:18 IST" skipped="0">
  <testcase classname="TestAutomation.selenium.BDD.feature.TestCalculator" name="runScenario" time="0.218"/>
  <system-out/>
  <testcase classname="TestAutomation.selenium.BDD.feature.TestCalculator" name="runScenario" time="0.086"/>
  <system-out/>
  <testcase classname="TestAutomation.selenium.BDD.feature.TestCalculator" name="runScenario" time="0.100"/>
  <system-out/>
  <testcase classname="TestAutomation.selenium.BDD.feature.TestCalculator" name="runScenario" time="0.082"/>
  <system-out/>
  <testcase classname="TestAutomation.selenium.BDD.feature.TestCalculator" name="runScenario" time="0.077"/>
  <system-out/>
  <testcase classname="TestAutomation.selenium.BDD.feature.TestCalculator" name="runScenario" time="0.093"/>
  <system-out/>
  <testcase classname="TestAutomation.selenium.BDD.feature.TestCalculator" name="runScenario" time="0.172"/>
  <system-out/>
  <testcase classname="TestAutomation.selenium.BDD.feature.TestCalculator" name="runScenario" time="0.139"/>
  <system-out/>
  <testcase classname="TestAutomation.selenium.BDD.feature.TestCalculator" name="runScenario" time="0.204"/>
  <system-out/>
  <testcase classname="TestAutomation.selenium.BDD.feature.TestCalculator" name="runScenario" time="0.392"/>
  <system-out/>
  <testcase classname="TestAutomation.selenium.BDD.feature.TestCalculator" name="runScenario" time="0.212"/>
  <system-out/>
  <testcase classname="TestAutomation.selenium.BDD.feature.TestCalculator" name="runScenario" time="0.068"/>
  <system-out/>
  <testcase classname="TestAutomation.selenium.BDD.feature.TestCalculator" name="runScenario" time="0.483"/>
  <system-out/>
  <testcase classname="TestAutomation.selenium.BDD.feature.TestCalculator" name="runScenario" time="0.186"/>
  <system-out/>
  <testcase classname="TestAutomation.selenium.BDD.feature.TestCalculator" name="runScenario" time="0.083"/>
  <system-out/>
  <testcase classname="TestAutomation.selenium.BDD.feature.TestCalculator" name="runScenario" time="0.149"/>
  <system-out/>
  <testcase classname="TestAutomation.selenium.BDD.feature.TestCalculator" name="runScenario" time="0.075"/>
  <system-out/>
  <testcase classname="TestAutomation.selenium.BDD.feature.TestCalculator" name="runScenario" time="0.116"/>
  <system-out/>
  <testcase classname="TestAutomation.selenium.BDD.feature.TestCalculator" name="runScenario" time="0.126"/>
  <system-out/>
  <testcase classname="TestAutomation.selenium.BDD.feature.TestCalculator" name="runScenario" time="0.497"/>
  <system-out/>
  <testcase classname="TestAutomation.selenium.BDD.feature.TestCalculator" name="runScenario" time="0.106"/>
  <system-out/>
  <testcase classname="TestAutomation.selenium.BDD.feature.TestCalculator" name="runScenario" time="0.076"/>
  <system-out/>
  <testcase classname="TestAutomation.selenium.BDD.feature.TestCalculator" name="runScenario" time="0.078"/>
  <system-out/>
  <testcase classname="TestAutomation.selenium.BDD.feature.TestCalculator" name="runScenario" time="0.130"/>
  <system-out/>
  <testcase classname="TestAutomation.selenium.BDD.feature.TestCalculator" name="runScenario" time="0.197"/>
  <system-out/>
  <testcase classname="TestAutomation.selenium.BDD.feature.TestCalculator" name="runScenario" time="0.460"/>
  <system-out/>
  <testcase classname="TestAutomation.selenium.BDD.feature.TestCalculator" name="runScenario" time="0.077"/>
  <system-out/>
  <testcase classname="TestAutomation.selenium.BDD.feature.TestCalculator" name="runScenario" time="0.099"/>
  <system-out/>
  <testcase classname="TestAutomation.selenium.BDD.feature.TestCalculator" name="runScenario" time="0.093"/>
  <system-out/>
  <testcase classname="TestAutomation.selenium.BDD.feature.TestCalculator" name="runScenario" time="0.118"/>
  <system-out/>
  <testcase classname="TestAutomation.selenium.BDD.feature.TestCalculator" name="runScenario" time="0.443"/>
  <system-out/>
  <testcase classname="TestAutomation.selenium.BDD.feature.TestCalculator" name="runScenario" time="0.144"/>
  <system-out/>
  <testcase classname="TestAutomation.selenium.BDD.feature.TestCalculator" name="runScenario" time="0.110"/>
  <system-out/>
  <testcase classname="TestAutomation.selenium.BDD.feature.TestCalculator" name="runScenario" time="0.085"/>
  <system-out/>
  <testcase classname="TestAutomation.selenium.BDD.feature.TestCalculator" name="runScenario" time="0.097"/>
  <system-out/>
</testsuite> <!-- TestAutomation.selenium.BDD.feature.TestCalculator -->
