<?xml version="1.0" encoding="UTF-8"?>
<!-- Generated by org.testng.reporters.JUnitReportReporter -->
<testsuite hostname="EPINHYDW012A" failures="0" tests="35" name="TestAutomation.selenium.BDD.feature.TestCalculator" time="2.908" errors="0" timestamp="2022-03-02T10:00:50 IST" skipped="0">
  <testcase classname="TestAutomation.selenium.BDD.feature.TestCalculator" name="runScenario" time="0.094"/>
  <system-out/>
  <testcase classname="TestAutomation.selenium.BDD.feature.TestCalculator" name="runScenario" time="0.051"/>
  <system-out/>
  <testcase classname="TestAutomation.selenium.BDD.feature.TestCalculator" name="runScenario" time="0.048"/>
  <system-out/>
  <testcase classname="TestAutomation.selenium.BDD.feature.TestCalculator" name="runScenario" time="0.050"/>
  <system-out/>
  <testcase classname="TestAutomation.selenium.BDD.feature.TestCalculator" name="runScenario" time="0.040"/>
  <system-out/>
  <testcase classname="TestAutomation.selenium.BDD.feature.TestCalculator" name="runScenario" time="0.054"/>
  <system-out/>
  <testcase classname="TestAutomation.selenium.BDD.feature.TestCalculator" name="runScenario" time="0.088"/>
  <system-out/>
  <testcase classname="TestAutomation.selenium.BDD.feature.TestCalculator" name="runScenario" time="0.070"/>
  <system-out/>
  <testcase classname="TestAutomation.selenium.BDD.feature.TestCalculator" name="runScenario" time="0.081"/>
  <system-out/>
  <testcase classname="TestAutomation.selenium.BDD.feature.TestCalculator" name="runScenario" time="0.197"/>
  <system-out/>
  <testcase classname="TestAutomation.selenium.BDD.feature.TestCalculator" name="runScenario" time="0.086"/>
  <system-out/>
  <testcase classname="TestAutomation.selenium.BDD.feature.TestCalculator" name="runScenario" time="0.055"/>
  <system-out/>
  <testcase classname="TestAutomation.selenium.BDD.feature.TestCalculator" name="runScenario" time="0.203"/>
  <system-out/>
  <testcase classname="TestAutomation.selenium.BDD.feature.TestCalculator" name="runScenario" time="0.088"/>
  <system-out/>
  <testcase classname="TestAutomation.selenium.BDD.feature.TestCalculator" name="runScenario" time="0.055"/>
  <system-out/>
  <testcase classname="TestAutomation.selenium.BDD.feature.TestCalculator" name="runScenario" time="0.087"/>
  <system-out/>
  <testcase classname="TestAutomation.selenium.BDD.feature.TestCalculator" name="runScenario" time="0.043"/>
  <system-out/>
  <testcase classname="TestAutomation.selenium.BDD.feature.TestCalculator" name="runScenario" time="0.081"/>
  <system-out/>
  <testcase classname="TestAutomation.selenium.BDD.feature.TestCalculator" name="runScenario" time="0.059"/>
  <system-out/>
  <testcase classname="TestAutomation.selenium.BDD.feature.TestCalculator" name="runScenario" time="0.221"/>
  <system-out/>
  <testcase classname="TestAutomation.selenium.BDD.feature.TestCalculator" name="runScenario" time="0.045"/>
  <system-out/>
  <testcase classname="TestAutomation.selenium.BDD.feature.TestCalculator" name="runScenario" time="0.049"/>
  <system-out/>
  <testcase classname="TestAutomation.selenium.BDD.feature.TestCalculator" name="runScenario" time="0.054"/>
  <system-out/>
  <testcase classname="TestAutomation.selenium.BDD.feature.TestCalculator" name="runScenario" time="0.085"/>
  <system-out/>
  <testcase classname="TestAutomation.selenium.BDD.feature.TestCalculator" name="runScenario" time="0.085"/>
  <system-out/>
  <testcase classname="TestAutomation.selenium.BDD.feature.TestCalculator" name="runScenario" time="0.211"/>
  <system-out/>
  <testcase classname="TestAutomation.selenium.BDD.feature.TestCalculator" name="runScenario" time="0.051"/>
  <system-out/>
  <testcase classname="TestAutomation.selenium.BDD.feature.TestCalculator" name="runScenario" time="0.048"/>
  <system-out/>
  <testcase classname="TestAutomation.selenium.BDD.feature.TestCalculator" name="runScenario" time="0.060"/>
  <system-out/>
  <testcase classname="TestAutomation.selenium.BDD.feature.TestCalculator" name="runScenario" time="0.049"/>
  <system-out/>
  <testcase classname="TestAutomation.selenium.BDD.feature.TestCalculator" name="runScenario" time="0.191"/>
  <system-out/>
  <testcase classname="TestAutomation.selenium.BDD.feature.TestCalculator" name="runScenario" time="0.087"/>
  <system-out/>
  <testcase classname="TestAutomation.selenium.BDD.feature.TestCalculator" name="runScenario" time="0.047"/>
  <system-out/>
  <testcase classname="TestAutomation.selenium.BDD.feature.TestCalculator" name="runScenario" time="0.044"/>
  <system-out/>
  <testcase classname="TestAutomation.selenium.BDD.feature.TestCalculator" name="runScenario" time="0.051"/>
  <system-out/>
</testsuite> <!-- TestAutomation.selenium.BDD.feature.TestCalculator -->
