<?xml version="1.0" encoding="UTF-8"?>
<!-- Generated by org.testng.reporters.JUnitReportReporter -->
<testsuite hostname="EPINHYDW012A" failures="0" tests="1" name="TestAutomation.selenium.BDD.feature.TestSystemUsersPage" time="44.799" errors="0" timestamp="2022-03-01T08:32:41 IST" skipped="0">
  <testcase classname="TestAutomation.selenium.BDD.feature.TestSystemUsersPage" name="runScenario" time="44.799"/>
  <system-out/>
</testsuite> <!-- TestAutomation.selenium.BDD.feature.TestSystemUsersPage -->
