<?xml version="1.0" encoding="UTF-8"?>
<!-- Generated by org.testng.reporters.JUnitReportReporter -->
<testsuite hostname="EPINHYDW012A" failures="0" tests="3" name="TestAutomation.selenium.BDD.feature.TestCalculatorUsingRunner" time="0.704" errors="0" timestamp="2022-03-03T01:24:48 IST" skipped="0">
  <testcase classname="TestAutomation.selenium.BDD.feature.TestCalculatorUsingRunner" name="testCucumberScenario" time="0.443"/>
  <system-out/>
  <testcase classname="TestAutomation.selenium.BDD.feature.TestCalculatorUsingRunner" name="testCucumberScenario" time="0.009"/>
  <system-out/>
  <testcase classname="TestAutomation.selenium.BDD.feature.TestCalculatorUsingRunner" name="testCucumberScenario" time="0.252"/>
  <system-out/>
</testsuite> <!-- TestAutomation.selenium.BDD.feature.TestCalculatorUsingRunner -->
