<?xml version="1.0" encoding="UTF-8"?>
<!-- Generated by org.testng.reporters.JUnitReportReporter -->
<testsuite hostname="EPINHYDW012A" failures="0" tests="3" name="TestAutomation.selenium.BDD.feature.TestLoginPage" time="8.503" errors="0" timestamp="2022-03-01T11:16:53 IST" skipped="0">
  <testcase classname="TestAutomation.selenium.BDD.feature.TestLoginPage" name="runScenario" time="4.227"/>
  <system-out/>
  <testcase classname="TestAutomation.selenium.BDD.feature.TestLoginPage" name="runScenario" time="4.173"/>
  <system-out/>
  <testcase classname="TestAutomation.selenium.BDD.feature.TestLoginPage" name="runScenario" time="0.103"/>
  <system-out/>
</testsuite> <!-- TestAutomation.selenium.BDD.feature.TestLoginPage -->
