<?xml version="1.0" encoding="UTF-8"?>
<!-- Generated by org.testng.reporters.JUnitReportReporter -->
<testsuite hostname="EPINHYDW012A" failures="0" tests="1" name="TestAutomation.selenium.SeleniumSAUCE.SeleniumSauceDriver" time="6.678" errors="0" timestamp="2022-02-22T10:28:11 IST" skipped="0">
  <testcase classname="TestAutomation.selenium.SeleniumSAUCE.SeleniumSauceDriver" name="testLoginPage" time="6.678"/>
  <system-out/>
</testsuite> <!-- TestAutomation.selenium.SeleniumSAUCE.SeleniumSauceDriver -->
