<?xml version="1.0" encoding="UTF-8"?>
<!-- Generated by org.testng.reporters.JUnitReportReporter -->
<testsuite hostname="LAPTOP-OUJ086UF" failures="0" tests="2" name="TestAutomation.testng.TestIgnore" time="0.033" errors="0" timestamp="2022-02-09T10:12:08 IST" skipped="1">
  <testcase classname="TestAutomation.testng.TestIgnore" name="testApp1" time="0.033"/>
  <system-out/>
  <testcase classname="TestAutomation.testng.TestIgnore" name="testApp2">
    <skipped/>
  </testcase> <!-- testApp2 -->
  <system-out/>
</testsuite> <!-- TestAutomation.testng.TestIgnore -->
