<?xml version="1.0" encoding="UTF-8"?>
<!-- Generated by org.testng.reporters.JUnitReportReporter -->
<testsuite hostname="EPINHYDW0D4E" failures="0" tests="2" name="com.epam.TestNG.TestIgnore" time="0.002" errors="0" timestamp="2022-02-10T09:49:09 IST" skipped="1">
  <testcase classname="com.epam.TestNG.TestIgnore" name="testApp1" time="0.002"/>
  <system-out/>
  <testcase classname="com.epam.TestNG.TestIgnore" name="testApp2">
    <skipped/>
  </testcase> <!-- testApp2 -->
  <system-out/>
</testsuite> <!-- com.epam.TestNG.TestIgnore -->
