<?xml version="1.0" encoding="UTF-8"?>
<!-- Generated by org.testng.reporters.JUnitReportReporter -->
<testsuite hostname="LAPTOP-OUJ086UF" failures="0" tests="7" name="TestAutomation.testng.TestLibrary" time="0.142" errors="0" timestamp="2022-02-11T15:25:23 IST" skipped="0">
  <testcase classname="TestAutomation.testng.TestLibrary" name="testLibraryaddmember" time="0.008"/>
  <system-out/>
  <testcase classname="TestAutomation.testng.TestLibrary" name="testIssueBook" time="0.009"/>
  <system-out/>
  <testcase classname="TestAutomation.testng.TestLibrary" name="testaddMembers" time="0.068"/>
  <system-out/>
  <testcase classname="TestAutomation.testng.TestLibrary" name="testLibraryaddmember" time="0.013"/>
  <system-out/>
  <testcase classname="TestAutomation.testng.TestLibrary" name="testActivateuser" time="0.024"/>
  <system-out/>
  <testcase classname="TestAutomation.testng.TestLibrary" name="testDeactivateuser" time="0.013"/>
  <system-out/>
  <testcase classname="TestAutomation.testng.TestLibrary" name="testLibraryaddmember" time="0.007"/>
  <system-out/>
</testsuite> <!-- TestAutomation.testng.TestLibrary -->
