<?xml version="1.0" encoding="UTF-8"?>
<!-- Generated by org.testng.reporters.JUnitReportReporter -->
<testsuite hostname="LAPTOP-OUJ086UF" failures="0" tests="23" name="TestAutomation.testng.TestCatalogue" time="0.246" errors="0" timestamp="2022-02-09T16:02:24 IST" skipped="0">
  <testcase classname="TestAutomation.testng.TestCatalogue" name="testCatalogueSearchByAuthorname" time="0.007"/>
  <system-out/>
  <testcase classname="TestAutomation.testng.TestCatalogue" name="testCatalogueSearchByBookNamePara" time="0.008"/>
  <system-out/>
  <testcase classname="TestAutomation.testng.TestCatalogue" name="testCatalogueRemoveBook" time="0.013"/>
  <system-out/>
  <testcase classname="TestAutomation.testng.TestCatalogue" name="testAddToLibraryWithUnsupportedObject" time="0.026"/>
  <system-out/>
  <testcase classname="TestAutomation.testng.TestCatalogue" name="testCatalogueAddBooks" time="0.005"/>
  <system-out/>
  <testcase classname="TestAutomation.testng.TestCatalogue" name="testCatalogueSearchByBookNamewhichDoesNotExist" time="0.006"/>
  <system-out/>
  <testcase classname="TestAutomation.testng.TestCatalogue" name="testCatalogueAddBooks" time="0.007"/>
  <system-out/>
  <testcase classname="TestAutomation.testng.TestCatalogue" name="testCatalogueAddBooks" time="0.012"/>
  <system-out/>
  <testcase classname="TestAutomation.testng.TestCatalogue" name="testCatalogueAddBooks" time="0.006"/>
  <system-out/>
  <testcase classname="TestAutomation.testng.TestCatalogue" name="testCatalogueAddBooks" time="0.013"/>
  <system-out/>
  <testcase classname="TestAutomation.testng.TestCatalogue" name="testARemoveNewlyAddedBook2" time="0.016"/>
  <system-out/>
  <testcase classname="TestAutomation.testng.TestCatalogue" name="testCatalogueAddBook" time="0.020"/>
  <system-out/>
  <testcase classname="TestAutomation.testng.TestCatalogue" name="testCatalogueSearchByBookName" time="0.006"/>
  <system-out/>
  <testcase classname="TestAutomation.testng.TestCatalogue" name="testCatalogueRemoveNonExistingBook" time="0.012"/>
  <system-out/>
  <testcase classname="TestAutomation.testng.TestCatalogue" name="testARemoveNewlyAddedBook" time="0.005"/>
  <system-out/>
  <testcase classname="TestAutomation.testng.TestCatalogue" name="testCatalogueAddBooks" time="0.010"/>
  <system-out/>
  <testcase classname="TestAutomation.testng.TestCatalogue" name="testAddToLibraryWithSupportedObject" time="0.008"/>
  <system-out/>
  <testcase classname="TestAutomation.testng.TestCatalogue" name="testCatalogueSearchByAuthornameWhchDoesNotExist" time="0.016"/>
  <system-out/>
  <testcase classname="TestAutomation.testng.TestCatalogue" name="testCatalogueAddBooks" time="0.005"/>
  <system-out/>
  <testcase classname="TestAutomation.testng.TestCatalogue" name="testCatalogueAddBooks" time="0.021"/>
  <system-out/>
  <testcase classname="TestAutomation.testng.TestCatalogue" name="testCatalogueAddBooks" time="0.006"/>
  <system-out/>
  <testcase classname="TestAutomation.testng.TestCatalogue" name="testCatalogueAddBooks" time="0.011"/>
  <system-out/>
  <testcase classname="TestAutomation.testng.TestCatalogue" name="testCatalogueAddBooks" time="0.007"/>
  <system-out/>
</testsuite> <!-- TestAutomation.testng.TestCatalogue -->
