<?xml version="1.0" encoding="UTF-8"?>
<!-- Generated by org.testng.reporters.JUnitReportReporter -->
<testsuite hostname="LAPTOP-OUJ086UF" failures="0" tests="3" name="TestAutomation.testng.AppTest" time="0.072" errors="0" timestamp="2022-02-09T10:07:16 IST" skipped="0">
  <testcase classname="TestAutomation.testng.AppTest" name="test1" time="0.017"/>
  <system-out/>
  <testcase classname="TestAutomation.testng.AppTest" name="shouldAnswerWithTrue" time="0.030"/>
  <system-out/>
  <testcase classname="TestAutomation.testng.AppTest" name="test2" time="0.025"/>
  <system-out/>
</testsuite> <!-- TestAutomation.testng.AppTest -->
