<?xml version="1.0" encoding="UTF-8"?>
<!-- Generated by org.testng.reporters.JUnitReportReporter -->
<testsuite hostname="EPINHYDW0D4E" failures="0" tests="23" name="com.epam.TestNG.TestCatalogue" time="0.024" errors="0" timestamp="2022-02-09T17:26:29 IST" skipped="0">
  <testcase classname="com.epam.TestNG.TestCatalogue" name="testCatalogueAddBooks" time="0.001"/>
  <system-out/>
  <testcase classname="com.epam.TestNG.TestCatalogue" name="testCatalogueSearchByAuthorname" time="0.001"/>
  <system-out/>
  <testcase classname="com.epam.TestNG.TestCatalogue" name="testCatalogueSearchByBookName" time="0.001"/>
  <system-out/>
  <testcase classname="com.epam.TestNG.TestCatalogue" name="testCatalogueRemoveBook" time="0.000"/>
  <system-out/>
  <testcase classname="com.epam.TestNG.TestCatalogue" name="testCatalogueAddBooks" time="0.001"/>
  <system-out/>
  <testcase classname="com.epam.TestNG.TestCatalogue" name="testCatalogueAddBooks" time="0.001"/>
  <system-out/>
  <testcase classname="com.epam.TestNG.TestCatalogue" name="testCatalogueSearchByBookNamePara" time="0.000"/>
  <system-out/>
  <testcase classname="com.epam.TestNG.TestCatalogue" name="testCatalogueAddBooks" time="0.001"/>
  <system-out/>
  <testcase classname="com.epam.TestNG.TestCatalogue" name="testCatalogueAddBooks" time="0.001"/>
  <system-out/>
  <testcase classname="com.epam.TestNG.TestCatalogue" name="testARemoveNewlyAddedBook" time="0.001"/>
  <system-out/>
  <testcase classname="com.epam.TestNG.TestCatalogue" name="testCatalogueRemoveNonExistingBook" time="0.000"/>
  <system-out/>
  <testcase classname="com.epam.TestNG.TestCatalogue" name="testCatalogueAddBooks" time="0.002"/>
  <system-out/>
  <testcase classname="com.epam.TestNG.TestCatalogue" name="testCatalogueAddBooks" time="0.000"/>
  <system-out/>
  <testcase classname="com.epam.TestNG.TestCatalogue" name="testARemoveNewlyAddedBook2" time="0.002"/>
  <system-out/>
  <testcase classname="com.epam.TestNG.TestCatalogue" name="testAddToLibraryWithUnsupportedObject" time="0.005"/>
  <system-out/>
  <testcase classname="com.epam.TestNG.TestCatalogue" name="testCatalogueAddBooks" time="0.000"/>
  <system-out/>
  <testcase classname="com.epam.TestNG.TestCatalogue" name="testCatalogueAddBooks" time="0.001"/>
  <system-out/>
  <testcase classname="com.epam.TestNG.TestCatalogue" name="testAddToLibraryWithSupportedObject" time="0.000"/>
  <system-out/>
  <testcase classname="com.epam.TestNG.TestCatalogue" name="testCatalogueSearchByAuthornameWhchDoesNotExist" time="0.001"/>
  <system-out/>
  <testcase classname="com.epam.TestNG.TestCatalogue" name="testCatalogueAddBook" time="0.003"/>
  <system-out/>
  <testcase classname="com.epam.TestNG.TestCatalogue" name="testCatalogueAddBooks" time="0.002"/>
  <system-out/>
  <testcase classname="com.epam.TestNG.TestCatalogue" name="testCatalogueAddBooks" time="0.000"/>
  <system-out/>
  <testcase classname="com.epam.TestNG.TestCatalogue" name="testCatalogueSearchByBookNamewhichDoesNotExist" time="0.000"/>
  <system-out/>
</testsuite> <!-- com.epam.TestNG.TestCatalogue -->
