<?xml version="1.0" encoding="UTF-8"?>
<!-- Generated by org.testng.reporters.JUnitReportReporter -->
<testsuite hostname="EPINHYDW012A" failures="0" tests="13" name="TestAutomation.selenium.DataBaseTesting.DatabaseTest" time="0.215" errors="0" timestamp="2022-02-26T23:49:01 IST" skipped="0">
  <testcase classname="TestAutomation.selenium.DataBaseTesting.DatabaseTest" name="testFunction_countNumberOfLanguagesInACountryIsinWorldSchema" time="0.004"/>
  <system-out/>
  <testcase classname="TestAutomation.selenium.DataBaseTesting.DatabaseTest" name="testColumsDataTypeInACityTable" time="0.004"/>
  <system-out/>
  <testcase classname="TestAutomation.selenium.DataBaseTesting.DatabaseTest" name="testCityDetailsProcedureColumnValues" time="0.083"/>
  <system-out/>
  <testcase classname="TestAutomation.selenium.DataBaseTesting.DatabaseTest" name="testFunction_countNumberOfLanguagesInACountry_presence" time="0.004"/>
  <system-out/>
  <testcase classname="TestAutomation.selenium.DataBaseTesting.DatabaseTest" name="testColumnNamesInACityTable" time="0.003"/>
  <system-out/>
  <testcase classname="TestAutomation.selenium.DataBaseTesting.DatabaseTest" name="testCharacterMaximunLengthInACityTable" time="0.050"/>
  <system-out/>
  <testcase classname="TestAutomation.selenium.DataBaseTesting.DatabaseTest" name="testColumnsIsNullableOrNotInACityTable" time="0.003"/>
  <system-out/>
  <testcase classname="TestAutomation.selenium.DataBaseTesting.DatabaseTest" name="testFunction_countNumberOfLanguagesInACountry_Functionality" time="0.009"/>
  <system-out/>
  <testcase classname="TestAutomation.selenium.DataBaseTesting.DatabaseTest" name="testNumberofcolumnsInACityTable" time="0.004"/>
  <system-out/>
  <testcase classname="TestAutomation.selenium.DataBaseTesting.DatabaseTest" name="testProcedureName" time="0.003"/>
  <system-out/>
  <testcase classname="TestAutomation.selenium.DataBaseTesting.DatabaseTest" name="testProducerCityCountByCountry" time="0.013"/>
  <system-out/>
  <testcase classname="TestAutomation.selenium.DataBaseTesting.DatabaseTest" name="testCityByCountryProcedureColumnValues" time="0.032"/>
  <system-out/>
  <testcase classname="TestAutomation.selenium.DataBaseTesting.DatabaseTest" name="testTables" time="0.003"/>
  <system-out/>
</testsuite> <!-- TestAutomation.selenium.DataBaseTesting.DatabaseTest -->
