<?xml version="1.0" encoding="UTF-8"?>
<!-- Generated by org.testng.reporters.JUnitReportReporter -->
<testsuite hostname="EPINHYDW012A" failures="0" tests="10" name="TestAutomation.selenium.DataBaseTesting.DatabaseTest" time="0.443" errors="0" timestamp="2022-02-26T19:19:41 IST" skipped="0">
  <testcase classname="TestAutomation.selenium.DataBaseTesting.DatabaseTest" name="testCityDetailsProcedureColumnValues" time="0.080"/>
  <system-out/>
  <testcase classname="TestAutomation.selenium.DataBaseTesting.DatabaseTest" name="testCharacterMaximunLengthInACityTable" time="0.138"/>
  <system-out/>
  <testcase classname="TestAutomation.selenium.DataBaseTesting.DatabaseTest" name="testNumberofcolumnsInACityTable" time="0.003"/>
  <system-out/>
  <testcase classname="TestAutomation.selenium.DataBaseTesting.DatabaseTest" name="testTables" time="0.006"/>
  <system-out/>
  <testcase classname="TestAutomation.selenium.DataBaseTesting.DatabaseTest" name="testCityByCountryProcedureColumnValues" time="0.139"/>
  <system-out/>
  <testcase classname="TestAutomation.selenium.DataBaseTesting.DatabaseTest" name="testProcedureName" time="0.041"/>
  <system-out/>
  <testcase classname="TestAutomation.selenium.DataBaseTesting.DatabaseTest" name="testColumnsIsNullableOrNotInACityTable" time="0.003"/>
  <system-out/>
  <testcase classname="TestAutomation.selenium.DataBaseTesting.DatabaseTest" name="testColumnNamesInACityTable" time="0.003"/>
  <system-out/>
  <testcase classname="TestAutomation.selenium.DataBaseTesting.DatabaseTest" name="testColumsDataTypeInACityTable" time="0.003"/>
  <system-out/>
  <testcase classname="TestAutomation.selenium.DataBaseTesting.DatabaseTest" name="testProducerCityCountByCountry" time="0.027"/>
  <system-out/>
</testsuite> <!-- TestAutomation.selenium.DataBaseTesting.DatabaseTest -->
