<?xml version="1.0" encoding="UTF-8"?>
<!-- Generated by org.testng.reporters.JUnitReportReporter -->
<testsuite hostname="EPINHYDW012A" failures="0" tests="5" name="TestAutomation.selenium.DataBaseTesting.DatabaseTest" time="0.143" errors="0" timestamp="2022-02-25T17:28:55 IST" skipped="0">
  <testcase classname="TestAutomation.selenium.DataBaseTesting.DatabaseTest" name="testCityByCountryProcedureColumnValues" time="0.061"/>
  <system-out/>
  <testcase classname="TestAutomation.selenium.DataBaseTesting.DatabaseTest" name="testProducerCityCountByCountry" time="0.010"/>
  <system-out/>
  <testcase classname="TestAutomation.selenium.DataBaseTesting.DatabaseTest" name="testCityDetailsProcedureColumnValues" time="0.067"/>
  <system-out/>
  <testcase classname="TestAutomation.selenium.DataBaseTesting.DatabaseTest" name="testProcedureName" time="0.003"/>
  <system-out/>
  <testcase classname="TestAutomation.selenium.DataBaseTesting.DatabaseTest" name="testTables" time="0.002"/>
  <system-out/>
</testsuite> <!-- TestAutomation.selenium.DataBaseTesting.DatabaseTest -->
