<?xml version="1.0" encoding="UTF-8"?>
<!-- Generated by org.testng.reporters.JUnitReportReporter -->
<testsuite hostname="EPINHYDW012A" failures="0" tests="13" name="TestAutomation.selenium.DataBaseTesting.DatabaseTest" time="0.454" errors="0" timestamp="2022-02-28T10:12:57 IST" skipped="0">
  <testcase classname="TestAutomation.selenium.DataBaseTesting.DatabaseTest" name="testCityDetailsProcedureColumnValues" time="0.191"/>
  <system-out/>
  <testcase classname="TestAutomation.selenium.DataBaseTesting.DatabaseTest" name="testFunction_countNumberOfLanguagesInACountry_Functionality" time="0.019"/>
  <system-out/>
  <testcase classname="TestAutomation.selenium.DataBaseTesting.DatabaseTest" name="testColumnsIsNullableOrNotInACityTable" time="0.010"/>
  <system-out/>
  <testcase classname="TestAutomation.selenium.DataBaseTesting.DatabaseTest" name="testProcedureName" time="0.007"/>
  <system-out/>
  <testcase classname="TestAutomation.selenium.DataBaseTesting.DatabaseTest" name="testColumsDataTypeInACityTable" time="0.005"/>
  <system-out/>
  <testcase classname="TestAutomation.selenium.DataBaseTesting.DatabaseTest" name="testTables" time="0.005"/>
  <system-out/>
  <testcase classname="TestAutomation.selenium.DataBaseTesting.DatabaseTest" name="testCharacterMaximunLengthInACityTable" time="0.090"/>
  <system-out/>
  <testcase classname="TestAutomation.selenium.DataBaseTesting.DatabaseTest" name="testFunction_countNumberOfLanguagesInACountryIsinWorldSchema" time="0.008"/>
  <system-out/>
  <testcase classname="TestAutomation.selenium.DataBaseTesting.DatabaseTest" name="testNumberofcolumnsInACityTable" time="0.008"/>
  <system-out/>
  <testcase classname="TestAutomation.selenium.DataBaseTesting.DatabaseTest" name="testProducerCityCountByCountry" time="0.031"/>
  <system-out/>
  <testcase classname="TestAutomation.selenium.DataBaseTesting.DatabaseTest" name="testCityByCountryProcedureColumnValues" time="0.065"/>
  <system-out/>
  <testcase classname="TestAutomation.selenium.DataBaseTesting.DatabaseTest" name="testColumnNamesInACityTable" time="0.007"/>
  <system-out/>
  <testcase classname="TestAutomation.selenium.DataBaseTesting.DatabaseTest" name="testFunction_countNumberOfLanguagesInACountry_presence" time="0.008"/>
  <system-out/>
</testsuite> <!-- TestAutomation.selenium.DataBaseTesting.DatabaseTest -->
