<?xml version="1.0" encoding="UTF-8"?>
<!-- Generated by org.testng.reporters.JUnitReportReporter -->
<testsuite hostname="EPINHYDW012A" failures="0" tests="3" name="TestAutomation.selenium.PageObjectModel.TestOrangeHRMLoginPage" time="0.000" errors="0" timestamp="2022-02-21T13:59:17 IST" skipped="3">
  <testcase classname="TestAutomation.selenium.PageObjectModel.TestOrangeHRMLoginPage" name="testemployeedetails" time="0.000">
    <skipped/>
  </testcase> <!-- testemployeedetails -->
  <system-out/>
  <testcase classname="TestAutomation.selenium.PageObjectModel.TestOrangeHRMLoginPage" name="testradiobutton" time="0.000">
    <skipped/>
  </testcase> <!-- testradiobutton -->
  <system-out/>
  <testcase classname="TestAutomation.selenium.PageObjectModel.TestOrangeHRMLoginPage" name="testcheckBoxex" time="0.000">
    <skipped/>
  </testcase> <!-- testcheckBoxex -->
  <system-out/>
</testsuite> <!-- TestAutomation.selenium.PageObjectModel.TestOrangeHRMLoginPage -->
