<?xml version="1.0" encoding="UTF-8"?>
<!-- Generated by org.testng.reporters.JUnitReportReporter -->
<testsuite hostname="EPINHYDW012A" failures="0" tests="2" name="TestAutomation.selenium.PageObjectModel.TestOrangeJS" time="0.000" errors="0" timestamp="2022-02-21T13:59:17 IST" skipped="2">
  <testcase classname="TestAutomation.selenium.PageObjectModel.TestOrangeJS" name="testLogin" time="0.000">
    <skipped/>
  </testcase> <!-- testLogin -->
  <system-out/>
  <testcase classname="TestAutomation.selenium.PageObjectModel.TestOrangeJS" name="testLoginFunctionalityscreenshot">
    <skipped/>
  </testcase> <!-- testLoginFunctionalityscreenshot -->
  <system-out/>
</testsuite> <!-- TestAutomation.selenium.PageObjectModel.TestOrangeJS -->
