<?xml version="1.0" encoding="UTF-8"?>
<!-- Generated by org.testng.reporters.JUnitReportReporter -->
<testsuite hostname="EPINHYDW012A" failures="0" tests="3" name="TestAutomation.selenium.PageObjectModel.ApplyLeaveTest" time="132.572" errors="0" timestamp="2022-02-21T14:02:38 IST" skipped="0">
  <testcase classname="TestAutomation.selenium.PageObjectModel.ApplyLeaveTest" name="testLoginPage" time="6.382"/>
  <system-out/>
  <testcase classname="TestAutomation.selenium.PageObjectModel.ApplyLeaveTest" name="testDateErrorAndColorAndApplyLeave" time="84.585"/>
  <system-out/>
  <testcase classname="TestAutomation.selenium.PageObjectModel.ApplyLeaveTest" name="testLeaveList" time="41.605"/>
  <system-out/>
</testsuite> <!-- TestAutomation.selenium.PageObjectModel.ApplyLeaveTest -->
