<?xml version="1.0" encoding="UTF-8"?>
<!-- Generated by org.testng.reporters.JUnitReportReporter -->
<testsuite hostname="EPINHYDW012A" failures="0" tests="1" name="TestAutomation.selenium.PageObjectModel.TestOrangeAction" time="0.000" errors="0" timestamp="2022-02-21T13:59:17 IST" skipped="1">
  <testcase classname="TestAutomation.selenium.PageObjectModel.TestOrangeAction" name="testLoginFunctionalityofuserName" time="0.000">
    <skipped/>
  </testcase> <!-- testLoginFunctionalityofuserName -->
  <system-out/>
</testsuite> <!-- TestAutomation.selenium.PageObjectModel.TestOrangeAction -->
