<?xml version="1.0" encoding="UTF-8"?>
<!-- Generated by org.testng.reporters.JUnitReportReporter -->
<testsuite hostname="EPINHYDW012A" failures="0" tests="1" name="TestAutomation.selenium.TestWinowHandling$DragAndDrop" time="7.545" errors="0" timestamp="2022-02-18T15:24:50 IST" skipped="0">
  <testcase classname="TestAutomation.selenium.TestWinowHandling$DragAndDrop" name="LoadWebDriver" time="7.545"/>
  <system-out/>
</testsuite> <!-- TestAutomation.selenium.TestWinowHandling$DragAndDrop -->
