<?xml version="1.0" encoding="UTF-8"?>
<!-- Generated by org.testng.reporters.JUnitReportReporter -->
<testsuite hostname="EPINHYDW012A" failures="0" tests="1" name="TestAutomation.selenium.SeleniumGrid" time="0.970" errors="0" timestamp="2022-02-22T15:25:15 IST" skipped="0">
  <testcase classname="TestAutomation.selenium.SeleniumGrid" name="testLoginFunctionality" time="0.970"/>
  <system-out/>
</testsuite> <!-- TestAutomation.selenium.SeleniumGrid -->
