<?xml version="1.0" encoding="UTF-8"?>
<!-- Generated by org.testng.reporters.JUnitReportReporter -->
<testsuite hostname="EPINHYDW012A" failures="0" tests="1" name="TestAutomation.selenium.TestExtentReport" time="6.548" errors="0" timestamp="2022-02-22T15:51:32 IST" skipped="0">
  <testcase classname="TestAutomation.selenium.TestExtentReport" name="testLoginPage" time="6.548"/>
  <system-out/>
</testsuite> <!-- TestAutomation.selenium.TestExtentReport -->
