<?xml version="1.0" encoding="UTF-8"?>
<!-- Generated by org.testng.reporters.JUnitReportReporter -->
<testsuite hostname="EPINHYDW012A" failures="0" tests="1" name="TestAutomation.selenium.OrangeHRMlive" time="0.000" errors="0" timestamp="2022-02-21T13:59:17 IST" skipped="1">
  <testcase classname="TestAutomation.selenium.OrangeHRMlive" name="loadWebDriver" time="0.000">
    <skipped/>
  </testcase> <!-- loadWebDriver -->
  <system-out/>
</testsuite> <!-- TestAutomation.selenium.OrangeHRMlive -->
