<?xml version="1.0" encoding="UTF-8"?>
<!-- Generated by org.testng.reporters.JUnitReportReporter -->
<testsuite hostname="LAPTOP-OUJ086UF" failures="0" tests="1" name="TestAutomation.selenium.TestWebDrivers" time="31.045" errors="0" timestamp="2022-02-14T16:18:45 IST" skipped="0">
  <testcase classname="TestAutomation.selenium.TestWebDrivers" name="LoadWebDriver" time="31.045"/>
  <system-out/>
</testsuite> <!-- TestAutomation.selenium.TestWebDrivers -->
