<?xml version="1.0" encoding="UTF-8"?>
<!-- Generated by org.testng.reporters.JUnitReportReporter -->
<testsuite hostname="EPINHYDW012A" failures="0" tests="1" name="TestAutomation.selenium.TestWinowHandling$TestWinowHandling1" time="9.375" errors="0" timestamp="2022-02-18T15:00:27 IST" skipped="0">
  <testcase classname="TestAutomation.selenium.TestWinowHandling$TestWinowHandling1" name="LoadWebDriver" time="9.375"/>
  <system-out/>
</testsuite> <!-- TestAutomation.selenium.TestWinowHandling$TestWinowHandling1 -->
