<?xml version="1.0" encoding="UTF-8"?>
<!-- Generated by org.testng.reporters.JUnitReportReporter -->
<testsuite hostname="EPINHYDW012A" failures="0" tests="2" name="TestAutomation.Selenium.TestClass.APITest" time="1.492" errors="0" timestamp="2022-03-14T18:39:27 IST" skipped="0">
  <testcase classname="TestAutomation.Selenium.TestClass.APITest" name="testGeSpeaker" time="1.335"/>
  <system-out/>
  <testcase classname="TestAutomation.Selenium.TestClass.APITest" name="extractSpeakerId" time="0.157"/>
  <system-out/>
</testsuite> <!-- TestAutomation.Selenium.TestClass.APITest -->
