<?xml version="1.0" encoding="UTF-8"?>
<!-- Generated by org.testng.reporters.JUnitReportReporter -->
<testsuite hostname="EPINHYDW012A" failures="0" tests="3" name="TestAutomation.selenium.OrangeHRM.TestLoginPage" time="32.658" errors="0" timestamp="2022-02-23T19:32:24 IST" skipped="0">
  <testcase classname="TestAutomation.selenium.OrangeHRM.TestLoginPage" name="testLoginWithProxy" time="10.132"/>
  <system-out/>
  <testcase classname="TestAutomation.selenium.OrangeHRM.TestLoginPage" name="testLoginUsingJavascript" time="12.195"/>
  <system-out/>
  <testcase classname="TestAutomation.selenium.OrangeHRM.TestLoginPage" name="testlogin" time="10.331"/>
  <system-out/>
</testsuite> <!-- TestAutomation.selenium.OrangeHRM.TestLoginPage -->
