<?xml version="1.0" encoding="UTF-8"?>
<!-- Generated by org.testng.reporters.JUnitReportReporter -->
<testsuite hostname="EPINHYDW012A" failures="0" tests="1" name="TestAutomation.selenium.OrangeHRM.TestSystemUser" time="119.618" errors="0" timestamp="2022-02-24T01:51:16 IST" skipped="0">
  <testcase classname="TestAutomation.selenium.OrangeHRM.TestSystemUser" name="testSystemUser" time="119.618"/>
  <system-out/>
</testsuite> <!-- TestAutomation.selenium.OrangeHRM.TestSystemUser -->
