<?xml version="1.0" encoding="UTF-8"?>
<!-- Generated by org.testng.reporters.JUnitReportReporter -->
<testsuite hostname="EPINHYDW012A" failures="0" tests="1" name="TestAutomation.selenium.OrangeHRM.TestSystemUser" time="34.693" errors="0" timestamp="2022-02-27T13:45:50 IST" skipped="0">
  <testcase classname="TestAutomation.selenium.OrangeHRM.TestSystemUser" name="testSystemUser" time="34.693"/>
  <system-out/>
</testsuite> <!-- TestAutomation.selenium.OrangeHRM.TestSystemUser -->
