<?xml version="1.0" encoding="UTF-8"?>
<!-- Generated by org.testng.reporters.JUnitReportReporter -->
<testsuite hostname="EPINHYDW012A" failures="0" tests="1" name="TestAutomation.selenium.OrangeHRM.TestOrangeHRM" time="2.653" errors="0" timestamp="2022-02-23T11:52:47 IST" skipped="0">
  <testcase classname="TestAutomation.selenium.OrangeHRM.TestOrangeHRM" name="setup" time="2.653"/>
  <system-out/>
</testsuite> <!-- TestAutomation.selenium.OrangeHRM.TestOrangeHRM -->
