<?xml version="1.0" encoding="UTF-8"?>
<!-- Generated by org.testng.reporters.JUnitReportReporter -->
<testsuite hostname="LAPTOP-OUJ086UF" failures="0" tests="2" name="TestAutomation.restassured.TestObject" time="3.195" errors="0" timestamp="2022-02-15T11:41:26 IST" skipped="0">
  <testcase classname="TestAutomation.restassured.TestObject" name="testapiPOST_OnPost" time="2.812"/>
  <system-out/>
  <testcase classname="TestAutomation.restassured.TestObject" name="testapiGET_OnPOst" time="0.383"/>
  <system-out/>
</testsuite> <!-- TestAutomation.restassured.TestObject -->
