<?xml version="1.0" encoding="UTF-8"?>
<!-- Generated by org.testng.reporters.JUnitReportReporter -->
<testsuite hostname="LAPTOP-OUJ086UF" failures="0" tests="4" name="TestAutomation.restassured.APIAssured" time="1.397" errors="0" timestamp="2022-02-14T16:12:26 IST" skipped="0">
  <testcase classname="TestAutomation.restassured.APIAssured" name="testapiPOST" time="0.444"/>
  <system-out/>
  <testcase classname="TestAutomation.restassured.APIAssured" name="testApiGET" time="0.285"/>
  <system-out/>
  <testcase classname="TestAutomation.restassured.APIAssured" name="testapiDELETE" time="0.386"/>
  <system-out/>
  <testcase classname="TestAutomation.restassured.APIAssured" name="testapiPUT" time="0.282"/>
  <system-out/>
</testsuite> <!-- TestAutomation.restassured.APIAssured -->
