<?xml version="1.0" encoding="UTF-8"?>
<!-- Generated by org.testng.reporters.JUnitReportReporter -->
<testsuite hostname="LAPTOP-OUJ086UF" failures="0" tests="8" name="TestAutomation.restassured.TestPost" time="12.796" errors="0" timestamp="2022-02-11T15:02:47 IST" skipped="0">
  <testcase classname="TestAutomation.restassured.TestPost" name="testPostObjectGETResponseWithID" time="0.278"/>
  <system-out/>
  <testcase classname="TestAutomation.restassured.TestPost" name="queryparam" time="9.671"/>
  <system-out/>
  <testcase classname="TestAutomation.restassured.TestPost" name="testPostObjectPOSTResponse" time="0.884"/>
  <system-out/>
  <testcase classname="TestAutomation.restassured.TestPost" name="queryparam" time="0.522"/>
  <system-out/>
  <testcase classname="TestAutomation.restassured.TestPost" name="queryparam" time="0.334"/>
  <system-out/>
  <testcase classname="TestAutomation.restassured.TestPost" name="testPOstObjID" time="0.401"/>
  <system-out/>
  <testcase classname="TestAutomation.restassured.TestPost" name="testPostObjectGETResponse" time="0.238"/>
  <system-out/>
  <testcase classname="TestAutomation.restassured.TestPost" name="testPOstObjID1PrettyPrint" time="0.468"/>
  <system-out/>
</testsuite> <!-- TestAutomation.restassured.TestPost -->
