<?xml version="1.0" encoding="UTF-8"?>
<!-- Generated by org.testng.reporters.JUnitReportReporter -->
<testsuite hostname="LAPTOP-OUJ086UF" failures="0" tests="1" name="TestAutomation.restassured.restapiadequate" time="0.774" errors="0" timestamp="2022-02-13T21:08:08 IST" skipped="0">
  <testcase classname="TestAutomation.restassured.restapiadequate" name="testGet" time="0.774"/>
  <system-out/>
</testsuite> <!-- TestAutomation.restassured.restapiadequate -->
