<?xml version="1.0" encoding="UTF-8"?>
<!-- Generated by org.testng.reporters.JUnitReportReporter -->
<testsuite hostname="LAPTOP-OUJ086UF" failures="0" tests="4" name="TestAutomation.restassured.APIAssured" time="1.039" errors="0" timestamp="2022-02-14T01:59:27 IST" skipped="0">
  <testcase classname="TestAutomation.restassured.APIAssured" name="testapiPOST" time="0.273"/>
  <system-out/>
  <testcase classname="TestAutomation.restassured.APIAssured" name="testApiGET" time="0.257"/>
  <system-out/>
  <testcase classname="TestAutomation.restassured.APIAssured" name="testapiPUT" time="0.254"/>
  <system-out/>
  <testcase classname="TestAutomation.restassured.APIAssured" name="testapiDELETE" time="0.255"/>
  <system-out/>
</testsuite> <!-- TestAutomation.restassured.APIAssured -->
