<?xml version="1.0" encoding="UTF-8"?>
<!-- Generated by org.testng.reporters.JUnitReportReporter -->
<testsuite hostname="EPINHYDW012A" failures="0" tests="6" name="TestAutomation.selenium.Test.TestMyAttendanceSheetPage" time="251.761" errors="0" timestamp="2022-03-10T15:34:21 IST" skipped="0">
  <testcase classname="TestAutomation.selenium.Test.TestMyAttendanceSheetPage" name="testMyAttendancePagePunchInAndOut" time="67.659"/>
  <system-out/>
  <testcase classname="TestAutomation.selenium.Test.TestMyAttendanceSheetPage" name="testPunchInOutMoreThanOnce" time="49.181"/>
  <system-out/>
  <testcase classname="TestAutomation.selenium.Test.TestMyAttendanceSheetPage" name="testOverLappingRecordswhilePunchingIn" time="12.574"/>
  <system-out/>
  <testcase classname="TestAutomation.selenium.Test.TestMyAttendanceSheetPage" name="testPunchoutShouldbeLaterThanPunchIn" time="62.369"/>
  <system-out/>
  <testcase classname="TestAutomation.selenium.Test.TestMyAttendanceSheetPage" name="testDeleteParticularPunchInADay" time="2.975"/>
  <system-out/>
  <testcase classname="TestAutomation.selenium.Test.TestMyAttendanceSheetPage" name="testTotalHoursOfTheDay" time="57.003"/>
  <system-out/>
</testsuite> <!-- TestAutomation.selenium.Test.TestMyAttendanceSheetPage -->
