<?xml version="1.0" encoding="UTF-8"?>
<!-- Generated by org.testng.reporters.JUnitReportReporter -->
<testsuite hostname="EPINHYDW012A" failures="0" tests="1" name="TestAutomation.selenium.Test.TestAttendancePage2" time="13.545" errors="0" timestamp="2022-03-10T15:35:44 IST" skipped="0">
  <testcase classname="TestAutomation.selenium.Test.TestAttendancePage2" name="testMyAttendancePagePunchInAndOut" time="13.545"/>
  <system-out/>
</testsuite> <!-- TestAutomation.selenium.Test.TestAttendancePage2 -->
